<?xml version="1.0" encoding="UTF-8"?>
<coverage generated="1574622519658" clover="3.2.0">
  <project timestamp="1574622519659" name="All files">
    <metrics statements="11" coveredstatements="2" conditionals="2" coveredconditionals="0" methods="7" coveredmethods="2" elements="20" coveredelements="4" complexity="0" loc="11" ncloc="11" packages="1" files="4" classes="4"/>
    <file name="aboveZero.js" path="/home/amos/dev/microservice-pagamentoCredito/src/validation/aboveZero.js">
      <metrics statements="5" coveredstatements="0" conditionals="2" coveredconditionals="0" methods="1" coveredmethods="0"/>
      <line num="3" count="0" type="stmt"/>
      <line num="5" count="0" type="cond" truecount="0" falsecount="2"/>
      <line num="6" count="0" type="stmt"/>
      <line num="9" count="0" type="stmt"/>
      <line num="13" count="0" type="stmt"/>
    </file>
    <file name="brand.js" path="/home/amos/dev/microservice-pagamentoCredito/src/validation/brand.js">
      <metrics statements="2" coveredstatements="0" conditionals="0" coveredconditionals="0" methods="2" coveredmethods="0"/>
      <line num="2" count="0" type="stmt"/>
      <line num="6" count="0" type="stmt"/>
    </file>
    <file name="validationTester.js" path="/home/amos/dev/microservice-pagamentoCredito/src/validation/validationTester.js">
      <metrics statements="3" coveredstatements="1" conditionals="0" coveredconditionals="0" methods="3" coveredmethods="1"/>
      <line num="4" count="1" type="stmt"/>
      <line num="7" count="0" type="stmt"/>
      <line num="8" count="0" type="stmt"/>
    </file>
    <file name="validationTesterFactory.js" path="/home/amos/dev/microservice-pagamentoCredito/src/validation/validationTesterFactory.js">
      <metrics statements="1" coveredstatements="1" conditionals="0" coveredconditionals="0" methods="1" coveredmethods="1"/>
      <line num="7" count="1" type="stmt"/>
    </file>
  </project>
</coverage>
