{"/home/amos/dev/microservice-pagamentoCredito/src/index.js": {"path":"/home/amos/dev/microservice-pagamentoCredito/src/index.js","statementMap":{"0":{"start":{"line":10,"column":0},"end":{"line":10,"column":16}},"1":{"start":{"line":12,"column":10},"end":{"line":12,"column":19}},"2":{"start":{"line":13,"column":0},"end":{"line":13,"column":36}},"3":{"start":{"line":16,"column":0},"end":{"line":16,"column":23}},"4":{"start":{"line":19,"column":0},"end":{"line":21,"column":4}},"5":{"start":{"line":23,"column":0},"end":{"line":25,"column":4}},"6":{"start":{"line":28,"column":0},"end":{"line":28,"column":23}},"7":{"start":{"line":30,"column":0},"end":{"line":32,"column":3}},"8":{"start":{"line":31,"column":1},"end":{"line":31,"column":61}}},"fnMap":{"0":{"name":"(anonymous_0)","decl":{"start":{"line":30,"column":51},"end":{"line":30,"column":52}},"loc":{"start":{"line":30,"column":57},"end":{"line":32,"column":1}},"line":30}},"branchMap":{"0":{"loc":{"start":{"line":30,"column":18},"end":{"line":30,"column":49}},"type":"binary-expr","locations":[{"start":{"line":30,"column":18},"end":{"line":30,"column":34}},{"start":{"line":30,"column":38},"end":{"line":30,"column":49}}],"line":30}},"s":{"0":1,"1":1,"2":1,"3":1,"4":1,"5":1,"6":1,"7":1,"8":0},"f":{"0":0},"b":{"0":[1,1]},"_coverageSchema":"43e27e138ebf9cfc5966b082cf9a028302ed4184","hash":"e64d95e16a2295e171669d5c6379dbca589bf539"}
,"/home/amos/dev/microservice-pagamentoCredito/src/api/index.js": {"path":"/home/amos/dev/microservice-pagamentoCredito/src/api/index.js","statementMap":{"0":{"start":{"line":6,"column":32},"end":{"line":6,"column":35}},"1":{"start":{"line":7,"column":31},"end":{"line":7,"column":34}},"2":{"start":{"line":8,"column":30},"end":{"line":8,"column":33}},"3":{"start":{"line":10,"column":11},"end":{"line":10,"column":19}},"4":{"start":{"line":12,"column":1},"end":{"line":82,"column":4}},"5":{"start":{"line":14,"column":22},"end":{"line":14,"column":40}},"6":{"start":{"line":15,"column":29},"end":{"line":15,"column":60}},"7":{"start":{"line":17,"column":4},"end":{"line":23,"column":5}},"8":{"start":{"line":18,"column":6},"end":{"line":20,"column":8}},"9":{"start":{"line":22,"column":6},"end":{"line":22,"column":13}},"10":{"start":{"line":25,"column":41},"end":{"line":27,"column":58}},"11":{"start":{"line":29,"column":17},"end":{"line":61,"column":6}},"12":{"start":{"line":56,"column":6},"end":{"line":59,"column":8}},"13":{"start":{"line":60,"column":6},"end":{"line":60,"column":12}},"14":{"start":{"line":63,"column":38},"end":{"line":63,"column":41}},"15":{"start":{"line":64,"column":39},"end":{"line":64,"column":42}},"16":{"start":{"line":65,"column":47},"end":{"line":65,"column":51}},"17":{"start":{"line":67,"column":4},"end":{"line":81,"column":5}},"18":{"start":{"line":71,"column":6},"end":{"line":74,"column":8}},"19":{"start":{"line":77,"column":6},"end":{"line":79,"column":8}},"20":{"start":{"line":80,"column":6},"end":{"line":80,"column":15}},"21":{"start":{"line":84,"column":1},"end":{"line":84,"column":12}}},"fnMap":{"0":{"name":"(anonymous_0)","decl":{"start":{"line":5,"column":15},"end":{"line":5,"column":16}},"loc":{"start":{"line":5,"column":21},"end":{"line":85,"column":1}},"line":5},"1":{"name":"(anonymous_1)","decl":{"start":{"line":12,"column":15},"end":{"line":12,"column":16}},"loc":{"start":{"line":12,"column":35},"end":{"line":82,"column":2}},"line":12},"2":{"name":"(anonymous_2)","decl":{"start":{"line":54,"column":13},"end":{"line":54,"column":14}},"loc":{"start":{"line":54,"column":21},"end":{"line":61,"column":5}},"line":54}},"branchMap":{"0":{"loc":{"start":{"line":17,"column":4},"end":{"line":23,"column":5}},"type":"if","locations":[{"start":{"line":17,"column":4},"end":{"line":23,"column":5}},{"start":{"line":17,"column":4},"end":{"line":23,"column":5}}],"line":17},"1":{"loc":{"start":{"line":25,"column":41},"end":{"line":27,"column":58}},"type":"cond-expr","locations":[{"start":{"line":26,"column":6},"end":{"line":26,"column":26}},{"start":{"line":27,"column":6},"end":{"line":27,"column":58}}],"line":25},"2":{"loc":{"start":{"line":67,"column":4},"end":{"line":81,"column":5}},"type":"if","locations":[{"start":{"line":67,"column":4},"end":{"line":81,"column":5}},{"start":{"line":67,"column":4},"end":{"line":81,"column":5}}],"line":67},"3":{"loc":{"start":{"line":67,"column":7},"end":{"line":69,"column":74}},"type":"binary-expr","locations":[{"start":{"line":67,"column":7},"end":{"line":67,"column":66}},{"start":{"line":68,"column":6},"end":{"line":68,"column":66}},{"start":{"line":69,"column":6},"end":{"line":69,"column":74}}],"line":67}},"s":{"0":1,"1":1,"2":1,"3":1,"4":1,"5":0,"6":0,"7":0,"8":0,"9":0,"10":0,"11":0,"12":0,"13":0,"14":0,"15":0,"16":0,"17":0,"18":0,"19":0,"20":0,"21":1},"f":{"0":1,"1":0,"2":0},"b":{"0":[0,0],"1":[0,0],"2":[0,0],"3":[0,0,0]},"_coverageSchema":"43e27e138ebf9cfc5966b082cf9a028302ed4184","hash":"a49f4abe6162445a6896a79b96065cc6576ee693"}
,"/home/amos/dev/microservice-pagamentoCredito/src/util/request.js": {"path":"/home/amos/dev/microservice-pagamentoCredito/src/util/request.js","statementMap":{"0":{"start":{"line":6,"column":4},"end":{"line":24,"column":6}},"1":{"start":{"line":7,"column":6},"end":{"line":22,"column":8}},"2":{"start":{"line":13,"column":8},"end":{"line":16,"column":10}},"3":{"start":{"line":18,"column":8},"end":{"line":21,"column":10}}},"fnMap":{"0":{"name":"(anonymous_0)","decl":{"start":{"line":4,"column":8},"end":{"line":4,"column":9}},"loc":{"start":{"line":4,"column":19},"end":{"line":25,"column":3}},"line":4},"1":{"name":"(anonymous_1)","decl":{"start":{"line":6,"column":23},"end":{"line":6,"column":24}},"loc":{"start":{"line":6,"column":42},"end":{"line":24,"column":5}},"line":6},"2":{"name":"(anonymous_2)","decl":{"start":{"line":12,"column":14},"end":{"line":12,"column":15}},"loc":{"start":{"line":12,"column":24},"end":{"line":17,"column":7}},"line":12},"3":{"name":"(anonymous_3)","decl":{"start":{"line":17,"column":15},"end":{"line":17,"column":16}},"loc":{"start":{"line":17,"column":22},"end":{"line":22,"column":7}},"line":17}},"branchMap":{},"s":{"0":2,"1":2,"2":1,"3":1},"f":{"0":2,"1":2,"2":1,"3":1},"b":{},"_coverageSchema":"43e27e138ebf9cfc5966b082cf9a028302ed4184","hash":"e4eab7a6ca2db171c65ead2f352e467a96e3a7f0"}
,"/home/amos/dev/microservice-pagamentoCredito/src/validation/aboveZero.js": {"path":"/home/amos/dev/microservice-pagamentoCredito/src/validation/aboveZero.js","statementMap":{"0":{"start":{"line":3,"column":2},"end":{"line":31,"column":3}},"1":{"start":{"line":5,"column":4},"end":{"line":10,"column":5}},"2":{"start":{"line":6,"column":6},"end":{"line":9,"column":8}},"3":{"start":{"line":11,"column":4},"end":{"line":16,"column":5}},"4":{"start":{"line":12,"column":6},"end":{"line":15,"column":7}},"5":{"start":{"line":18,"column":4},"end":{"line":23,"column":5}},"6":{"start":{"line":27,"column":4},"end":{"line":30,"column":5}}},"fnMap":{"0":{"name":"(anonymous_0)","decl":{"start":{"line":1,"column":15},"end":{"line":1,"column":16}},"loc":{"start":{"line":1,"column":25},"end":{"line":32,"column":1}},"line":1}},"branchMap":{"0":{"loc":{"start":{"line":5,"column":4},"end":{"line":10,"column":5}},"type":"if","locations":[{"start":{"line":5,"column":4},"end":{"line":10,"column":5}},{"start":{"line":5,"column":4},"end":{"line":10,"column":5}}],"line":5},"1":{"loc":{"start":{"line":11,"column":4},"end":{"line":16,"column":5}},"type":"if","locations":[{"start":{"line":11,"column":4},"end":{"line":16,"column":5}},{"start":{"line":11,"column":4},"end":{"line":16,"column":5}}],"line":11},"2":{"loc":{"start":{"line":18,"column":11},"end":{"line":23,"column":5}},"type":"cond-expr","locations":[{"start":{"line":18,"column":35},"end":{"line":21,"column":5}},{"start":{"line":21,"column":8},"end":{"line":23,"column":5}}],"line":18}},"s":{"0":5,"1":5,"2":1,"3":4,"4":1,"5":3,"6":0},"f":{"0":5},"b":{"0":[1,4],"1":[1,3],"2":[2,1]},"_coverageSchema":"43e27e138ebf9cfc5966b082cf9a028302ed4184","hash":"ec4f856931b46fd352a8e96b25b8b6b69ad3f6a8"}
,"/home/amos/dev/microservice-pagamentoCredito/src/validation/brand.js": {"path":"/home/amos/dev/microservice-pagamentoCredito/src/validation/brand.js","statementMap":{"0":{"start":{"line":2,"column":22},"end":{"line":5,"column":3}},"1":{"start":{"line":6,"column":17},"end":{"line":6,"column":66}},"2":{"start":{"line":6,"column":43},"end":{"line":6,"column":65}},"3":{"start":{"line":8,"column":2},"end":{"line":14,"column":3}}},"fnMap":{"0":{"name":"(anonymous_0)","decl":{"start":{"line":1,"column":15},"end":{"line":1,"column":16}},"loc":{"start":{"line":1,"column":25},"end":{"line":15,"column":1}},"line":1},"1":{"name":"(anonymous_1)","decl":{"start":{"line":6,"column":34},"end":{"line":6,"column":35}},"loc":{"start":{"line":6,"column":43},"end":{"line":6,"column":65}},"line":6}},"branchMap":{"0":{"loc":{"start":{"line":8,"column":9},"end":{"line":14,"column":3}},"type":"cond-expr","locations":[{"start":{"line":8,"column":18},"end":{"line":10,"column":3}},{"start":{"line":11,"column":2},"end":{"line":14,"column":3}}],"line":8}},"s":{"0":2,"1":2,"2":3,"3":2},"f":{"0":2,"1":3},"b":{"0":[1,1]},"_coverageSchema":"43e27e138ebf9cfc5966b082cf9a028302ed4184","hash":"06a483d45dd99194f4ff914a0a3f38745cd81b24"}
,"/home/amos/dev/microservice-pagamentoCredito/src/validation/validationTester.js": {"path":"/home/amos/dev/microservice-pagamentoCredito/src/validation/validationTester.js","statementMap":{"0":{"start":{"line":4,"column":4},"end":{"line":4,"column":32}},"1":{"start":{"line":8,"column":4},"end":{"line":18,"column":6}},"2":{"start":{"line":9,"column":30},"end":{"line":9,"column":45}},"3":{"start":{"line":11,"column":6},"end":{"line":13,"column":7}},"4":{"start":{"line":12,"column":8},"end":{"line":12,"column":32}},"5":{"start":{"line":15,"column":6},"end":{"line":15,"column":19}}},"fnMap":{"0":{"name":"(anonymous_0)","decl":{"start":{"line":3,"column":2},"end":{"line":3,"column":3}},"loc":{"start":{"line":3,"column":25},"end":{"line":5,"column":3}},"line":3},"1":{"name":"(anonymous_1)","decl":{"start":{"line":6,"column":2},"end":{"line":6,"column":3}},"loc":{"start":{"line":6,"column":21},"end":{"line":19,"column":3}},"line":6},"2":{"name":"(anonymous_2)","decl":{"start":{"line":8,"column":35},"end":{"line":8,"column":36}},"loc":{"start":{"line":8,"column":56},"end":{"line":16,"column":5}},"line":8}},"branchMap":{"0":{"loc":{"start":{"line":11,"column":6},"end":{"line":13,"column":7}},"type":"if","locations":[{"start":{"line":11,"column":6},"end":{"line":13,"column":7}},{"start":{"line":11,"column":6},"end":{"line":13,"column":7}}],"line":11}},"s":{"0":3,"1":2,"2":5,"3":5,"4":1,"5":5},"f":{"0":3,"1":2,"2":5},"b":{"0":[1,4]},"_coverageSchema":"43e27e138ebf9cfc5966b082cf9a028302ed4184","hash":"b9502c52e4075858f75ade62801f48b9a8692e0f"}
,"/home/amos/dev/microservice-pagamentoCredito/src/validation/validationTesterFactory.js": {"path":"/home/amos/dev/microservice-pagamentoCredito/src/validation/validationTesterFactory.js","statementMap":{"0":{"start":{"line":7,"column":2},"end":{"line":10,"column":4}}},"fnMap":{"0":{"name":"(anonymous_0)","decl":{"start":{"line":6,"column":15},"end":{"line":6,"column":16}},"loc":{"start":{"line":6,"column":20},"end":{"line":11,"column":1}},"line":6}},"branchMap":{},"s":{"0":1},"f":{"0":1},"b":{},"_coverageSchema":"43e27e138ebf9cfc5966b082cf9a028302ed4184","hash":"e73364a4ad549a737061b89b6001b0283fa12f90"}
}
