TN:
SF:/home/amos/dev/microservice-pagamentoCredito/src/index.js
FN:30,(anonymous_0)
FNF:1
FNH:0
FNDA:0,(anonymous_0)
DA:10,1
DA:12,1
DA:13,1
DA:16,1
DA:19,1
DA:23,1
DA:28,1
DA:30,1
DA:31,0
LF:9
LH:8
BRDA:30,0,0,1
BRDA:30,0,1,1
BRF:2
BRH:2
end_of_record
TN:
SF:/home/amos/dev/microservice-pagamentoCredito/src/api/index.js
FN:4,(anonymous_0)
FN:11,(anonymous_1)
FN:54,(anonymous_2)
FNF:3
FNH:1
FNDA:1,(anonymous_0)
FNDA:0,(anonymous_1)
FNDA:0,(anonymous_2)
DA:5,1
DA:6,1
DA:7,1
DA:9,1
DA:11,1
DA:13,0
DA:14,0
DA:20,0
DA:21,0
DA:27,0
DA:31,0
DA:56,0
DA:57,0
DA:64,0
DA:65,0
DA:66,0
DA:68,0
DA:72,0
DA:78,0
DA:81,0
DA:88,1
LF:21
LH:6
BRDA:13,0,0,0
BRDA:13,0,1,0
BRDA:20,1,0,0
BRDA:20,1,1,0
BRDA:20,2,0,0
BRDA:20,2,1,0
BRDA:27,3,0,0
BRDA:27,3,1,0
BRDA:56,4,0,0
BRDA:56,4,1,0
BRDA:68,5,0,0
BRDA:68,5,1,0
BRDA:68,6,0,0
BRDA:68,6,1,0
BRDA:68,6,2,0
BRF:15
BRH:0
end_of_record
TN:
SF:/home/amos/dev/microservice-pagamentoCredito/src/validation/aboveZero.js
FN:1,(anonymous_0)
FNF:1
FNH:1
FNDA:5,(anonymous_0)
DA:3,5
DA:5,5
DA:6,0
DA:9,5
DA:13,0
LF:5
LH:3
BRDA:5,0,0,0
BRDA:5,0,1,5
BRF:2
BRH:1
end_of_record
TN:
SF:/home/amos/dev/microservice-pagamentoCredito/src/validation/brand.js
FN:1,(anonymous_0)
FN:6,(anonymous_1)
FNF:2
FNH:2
FNDA:2,(anonymous_0)
FNDA:3,(anonymous_1)
DA:2,2
DA:6,3
LF:2
LH:2
BRF:0
BRH:0
end_of_record
TN:
SF:/home/amos/dev/microservice-pagamentoCredito/src/validation/validationTester.js
FN:3,(anonymous_0)
FN:6,(anonymous_1)
FN:8,(anonymous_2)
FNF:3
FNH:3
FNDA:3,(anonymous_0)
FNDA:2,(anonymous_1)
FNDA:4,(anonymous_2)
DA:4,3
DA:7,2
DA:8,4
LF:3
LH:3
BRF:0
BRH:0
end_of_record
TN:
SF:/home/amos/dev/microservice-pagamentoCredito/src/validation/validationTesterFactory.js
FN:6,(anonymous_0)
FNF:1
FNH:1
FNDA:1,(anonymous_0)
DA:7,1
LF:1
LH:1
BRF:0
BRH:0
end_of_record
